<?xml version="1.0" encoding="UTF-8"?>
<!-- Generated by org.testng.reporters.JUnitReportReporter -->
<testsuite skipped="0" hostname="5CG50201R7" name="learnMvnProject.AppTest1" tests="1" failures="0" timestamp="19 May 2018 09:05:43 GMT" time="0.000" errors="0">
  <testcase name="shouldAnswerWithTrue" time="0.000" classname="learnMvnProject.AppTest1"/>
</testsuite> <!-- learnMvnProject.AppTest1 -->
