<?xml version="1.0" encoding="UTF-8"?>
<!-- Generated by org.testng.reporters.JUnitReportReporter -->
<testsuite skipped="0" hostname="5CG50201R7" name="learnMvnProject.AppTest" tests="1" failures="0" timestamp="27 May 2018 12:58:22 GMT" time="10.203" errors="0">
  <testcase name="shouldAnswerWithTrue" time="10.203" classname="learnMvnProject.AppTest"/>
</testsuite> <!-- learnMvnProject.AppTest -->
