<?xml version="1.0" encoding="UTF-8"?>
<!-- Generated by org.testng.reporters.JUnitReportReporter -->
<testsuite skipped="0" hostname="5CG50201R7" name="SeleniumDay.Test1" tests="3" failures="0" timestamp="15 Apr 2018 09:32:46 GMT" time="0.019" errors="0">
  <testcase name="TestCase2" time="0.008" classname="SeleniumDay.Test1"/>
  <testcase name="TestCase1" time="0.002" classname="SeleniumDay.Test1"/>
  <testcase name="TestCase3" time="0.009" classname="SeleniumDay.Test1"/>
</testsuite> <!-- SeleniumDay.Test1 -->
