<?xml version="1.0" encoding="UTF-8"?>
<!-- Generated by org.testng.reporters.JUnitReportReporter -->
<testsuite skipped="0" hostname="5CG50201R7" name="SeleniumDay.Test2" tests="3" failures="0" timestamp="15 Apr 2018 09:48:36 GMT" time="0.007" errors="0">
  <testcase name="TestCase2" time="0.005" classname="SeleniumDay.Test2"/>
  <testcase name="TestCase1" time="0.001" classname="SeleniumDay.Test2"/>
  <testcase name="TestCase3" time="0.001" classname="SeleniumDay.Test2"/>
</testsuite> <!-- SeleniumDay.Test2 -->
