<?xml version="1.0" encoding="UTF-8"?>
<!-- Generated by org.testng.reporters.JUnitReportReporter -->
<testsuite skipped="0" hostname="5CG50201R7" name="SeleniumDay.Registration" tests="1" failures="0" timestamp="07 Apr 2019 12:38:19 GMT" time="10.040" errors="0">
  <testcase name="lauch" time="10.040" classname="SeleniumDay.Registration"/>
</testsuite> <!-- SeleniumDay.Registration -->
