<?xml version="1.0" encoding="UTF-8"?>
<!-- Generated by org.testng.reporters.JUnitReportReporter -->
<testsuite skipped="0" hostname="5CG50201R7" name="SeleniumDay.OpenBrowser" tests="1" failures="0" timestamp="28 Apr 2018 10:47:15 GMT" time="30.351" errors="0">
  <testcase name="lauch" time="30.351" classname="SeleniumDay.OpenBrowser"/>
</testsuite> <!-- SeleniumDay.OpenBrowser -->
