<?xml version="1.0" encoding="UTF-8"?>
<!-- Generated by org.testng.reporters.JUnitReportReporter -->
<testsuite skipped="0" hostname="5CG50201R7" name="SeleniumDay.Flight" tests="1" failures="0" timestamp="30 Apr 2018 10:58:58 GMT" time="9.158" errors="0">
  <testcase name="bookFlight" time="9.158" classname="SeleniumDay.Flight"/>
</testsuite> <!-- SeleniumDay.Flight -->
