<?xml version="1.0" encoding="UTF-8"?>
<!-- Generated by org.testng.reporters.JUnitReportReporter -->
<testsuite skipped="0" hostname="5CG50201R7" name="SeleniumDay.Registration" tests="1" failures="0" timestamp="28 Apr 2018 11:41:19 GMT" time="18.034" errors="0">
  <testcase name="lauch" time="18.034" classname="SeleniumDay.Registration"/>
</testsuite> <!-- SeleniumDay.Registration -->
