<?xml version="1.0" encoding="UTF-8"?>
<!-- Generated by org.testng.reporters.JUnitReportReporter -->
<testsuite skipped="0" hostname="5CG50201R7" name="SeleniumDay.Flight" tests="1" failures="0" timestamp="07 Apr 2019 12:27:51 GMT" time="10.680" errors="0">
  <testcase name="bookFlight" time="10.680" classname="SeleniumDay.Flight"/>
</testsuite> <!-- SeleniumDay.Flight -->
