<?xml version="1.0" encoding="UTF-8"?>
<!-- Generated by org.testng.reporters.JUnitReportReporter -->
<testsuite skipped="0" hostname="5CG50201R7" name="SeleniumDay.Test3" tests="3" failures="0" timestamp="29 May 2018 15:14:59 GMT" time="0.005" errors="0">
  <testcase name="TestCase2" time="0.001" classname="SeleniumDay.Test3"/>
  <testcase name="TestCase1" time="0.002" classname="SeleniumDay.Test3"/>
  <testcase name="TestCase3" time="0.002" classname="SeleniumDay.Test3"/>
</testsuite> <!-- SeleniumDay.Test3 -->
